
AER <-> GSFC gas phase reaction rate listing
         (9ha - updated for JPL10/SPARC lifetimes)

    AER      Reaction               GSFC
    ---      --------               ----
 RE(  1)  ODP+OH=H+CLX+BRX+FX,1    0000 
 RE(  2)  ODP+O1D=CLX+BRX+FX,1     0000 
 RE(  3)  ODP+CL=CLX+BRX+FX,1      0000     
 RE(  4)  N+O2=NO+O,2                20
 RE(  5)  N+NO=N2+O,2                47
 RE(  6)  OH+CH3CL=CLX+CH2O+H2O,2    16
 RE(  7)  H2O+O1D=2*OH,2             39
 RE(  8)  CH4+O1D=MEO2+OH,1          49
 RE(  9)  H2+O1D=OH+H,1              48
 RE( 10)  H+O2=HO2+M,6                3
 RE( 11)  H+O3=OH+O2,2               11
 RE( 12)  OH+O3=HO2+O2,2              4
 RE( 13)  OH+H2O2=H2O+HO2,1          29
 RE( 14)  HO2+O3=OH+2*O2,2            5
 RE( 15)  HO2+O=OH+O2,2              42
 RE( 16)  HO2+NO=OH+NO2,2            38
 RE( 17)  HO2+CLO=HOCL+O2,2           6
 RE( 18)  HO2+HO2=H2O2+O2,7          64
 RE( 19)  HO2+OH=H2O+O2,2            40 
 RE( 20)  HO2+CL=HCL+O2,2            53 
 RE( 21)  H+HO2=H2+O2,1              71
 RE( 22)  H+HO2=2*OH,1               72 
 RE( 23)  OH+CO=H+CO2,6              36 
 RE( 24)  OH+O=H+O2,2                41 
 RE( 25)  OH+HCL=H2O+CL,2            27
 RE( 26)  OH+CH4=MEO2+H2O,16         14
 RE( 27)  OH+NO2=HNO3+M,6            17
 RE( 28)  OH+HNO3=H2O+NO3,19         37
 RE( 29)  OH+OH=H2O+O,1              59
 RE( 30)  OH+H2=H2O+H,2              30
 RE( 31)  CL+H2=HCL+H,2              23
 RE( 32)  CL+H2O2=HCL+HO2,2           7
 RE( 33)  CLO+NO2=CLNO3+M,6          32
 RE( 34)  CL+O3=CLO+O2,2             24
 RE( 35)  CL+CH4=HCL+MEO2,2          26
 RE( 36)  CLO+O=CL+O2,2              25
 RE( 37)  CLO+NO=CL+NO2,2            28
 RE( 38)  O+HCL=OH+CL,2             133
 RE( 39)  O+O2=O3+M,3                 1
 RE( 40)  O+O3=2*O2,2                 2
 RE( 41)  NO2+NO3=N2O5,6             46
 RE( 42)  N2O5=NO2+NO3,5             31
 RE( 43)  NO+O3=NO2+O2,2              9
 RE( 44)  NO2+O3=NO3+O2,2            10
 RE( 45)  NO2+O=NO+O2,2              43
 RE( 46)  N2O+O1D=N2+O2,2            78
 RE( 47)  N2O+O1D=2*NOX,2            45
 RE( 48)  O1D+CFCL3=FX+3*CLX+CO,1    83
 RE( 49)  O1D+CF2CL2=CF2O+2*CLX,1    80
 RE( 50)  O1D+CH3CL=CH2O+CLX+H,1    136
 RE( 51)  O1D+CCL4=4*CLX+CO,1        54
 RE( 52)  HO2+NO2=HO2NO2+M,6         34
 RE( 53)  HO2NO2=HO2+NO2,5           70
 RE( 54)  OH+HOCL=H2O+CLO,2          62
 RE( 55)  O1D+CF2O=2*FX+CO,1         66
 RE( 56)  O+HOCL=OH+CLO,1           134
 RE( 57)  CL+HOCL=CL2+OH,2          135
 RE( 58)  O21+O2=O2+O2,2             87
 RE( 59)  CLO+O21+M=CLO3+M,1        140
 RE( 60)  BR+O3=BRO+O2,2             91
 RE( 61)  BRO+O=BR+O2,2             107
 RE( 62)  BRO+BRO=2*BR+O2,2          94
 RE( 63)  BRO+NO=BR+NO2,2            69
 RE( 64)  BR+HO2=HBR+O2,2            92
 RE( 65)  BRO+HO2=HOBR+O2,2         108
 RE( 66)  BRO+HO2=HBR+O3,2          137
 RE( 67)  BRO+NO2=BRNO3+M,6          96
 RE( 68)  BRO+CLO=BR+CLOO,2          93
 RE( 69)  BR+H2O2=HBR+HO2,2         138
 RE( 70)  OH+HBR=H2O+BR,2            95
 RE( 71)  CH3CCL3+OH=3*CLX+2*H2O+2   75
 RE( 72)  O21+O3=2*O2+O,2            88
 RE( 73)  CLO+HO2=HCL+O3,1          139
 RE( 74)  CLO+OH=HCL+O2,2            61
 RE( 75)  CLO+OH=HO2+CL,2            60
 RE( 76)  CH2O+OH=H2O+CO+H,2         51
 RE( 77)  CL+CH2O=HCL+CO+H,2         63
 RE( 78)  HO2NO2+OH=H2O+NO2+O2,2     55
 RE( 79)  HO2NO2+O=OH+NO2+O2,2      141
 RE( 80)  CLNO3+O=CLO+NO3,2          35
 RE( 81)  C2H6+CL=HCL+ETHO2,2      0000
 RE( 82)  C2H6+OH=ETHO2+H2O+M,2    0000
 RE( 83)  N2O5+H2O=HNO3+HNO3,1       79
 RE( 84)  MEO2+HO2=MEOH+O2+O,2       22
 RE( 85)  MEO2+NO=CH2O+NO2+HO2,2     15
 RE( 86)  MEOH+OH=MEO2+H2O,2         58
 RE( 87)  OH+CLNO3=HOCL+NO3,2        13
 RE( 88)  OH+CLNO3=CLO+HNO3,1       142
 RE( 89)  OH+CLNO3=HCL+NO2,1        143
 RE( 90)  HOCL+HCL=H2O+CL2,25      0000   s5
 RE( 91)  CLNO3+HCL=HNO3+CL2,24    0000   s1
 RE( 92)  N2O5=HNO3+HNO3,22        0000   s3
 RE( 93)  CLNO3=HOCL+HNO3,23       0000   s2
 RE( 94)  CLO+HNO3=HCL+NO2+O2,1     144
 RE( 95)  BR+CH2O=HBR+CO+H,2        109
 RE( 96)  BRO+CLO=BR+OCLO,2         103
 RE( 97)  BRO+BRO=BR2+O2,2          104
 RE( 98)  BRO+O3=BR+O2+O2,1         145
 RE( 99)  BRO+OH=BR+HO2,2           146
 RE(100)  OH+CH3BR=BRX+H2O+2*H+CO,   97
 RE(101)  O+HBR=OH+BR,2             147
 RE(102)  CLO+CLO=CL2O2+M,6         102
 RE(103)  CL2O2=CLO+CLO,5           106
 RE(104)  MEOH+OH=CH2O+OH+H2O,2     148
 RE(105)  CHCLF2+OH=CLX+CF2O+H2O,2   98
 RE(106)  CHCLF2+O1D=CLX+CF2O+OH,1  125
 RE(107)  N2O5+HCL=HNO3+CLNO2,1      52
 RE(108)  ETHO2+NO=CH3CHO+NO2+HO2, 0000  
 RE(109)  ETHO2+HO2=ETHOH+O2,2     0000   
 RE(110)  ETHOH+OH=ETHO2+H2O,2     0000   
 RE(111)  ETHOH+OH=CH3CHO+OH+H2O,2 0000   
 RE(112)  CH3CHO+OH=CH3CO3+H2O,2   0000   
 RE(113)  CH3CO3+NO=MEO2+NO2,1     0000  
 RE(114)  CH3CO3+HO2=CH3CO3H+O2,2  0000  
 RE(115)  CH3CO3+NO2=PAN,6         0000  
 RE(116)  PAN=CH3CO3+NO2,5         0000  
 RE(117)  PAN+OH=CH2O+NO2+H2O,1    0000   
 RE(118)  CH3CO3H+OH=CH3CO3+H2O,1  0000  
 RE(119)  CH3CO3H+OH=CH2O+OH+H2O+C 0000  
 RE(120)  ETHO2+NO2=ETHO2NO2,6     0000  
 RE(121)  ETHO2NO2=ETHO2+NO2,10    0000  
 RE(122)  BRNO3=HOBR+HNO3,27       0000  s6
 RE(123)  BRO+CLO=BRCL+O2,2         105
 RE(124)  HOBR+HCL=BRCL+H2O,28     0000  s7
 RE(125)  OH+NO=HONO,6              149
 RE(126)  OH+HONO=H2O+NO2,2         150
 RE(127)  O1D+O2=O+O2,2              19
 RE(128)  O1D+O3=O2+O2,1            151
 RE(129)  O1D+O3=O2+O+O,1           152
 RE(130)  O1D+CH4=CH2O+H2,1          50
 RE(131)  NO3+O=O2+NO2,1            153
 RE(132)  NO3+NO=NO2+NO2,2           74
 RE(133)  H+NO2=OH+NO,2             154
 RE(134)  HO2+CL=OH+CLO,2            67
 RE(135)  CL+NO2=CLNO2,6            155
 RE(136)  CL+NO3=CLO+NO2,1          156
 RE(137)  CL+CLNO3=CL2+NO3,2        157
 RE(138)  CLO+NO3=NO2+CLOO,1        158
 RE(139)  CLO+CLO=CL+OCLO,2         159
 RE(140)  CLO+CLO=CLOO+CL,2         160
 RE(141)  CLO+CLO=CL2+O2,2          161
 RE(142)  CH2O+O=CO+H+OH,2           21
 RE(143)  O1D+CH3BR=CH2O+HO2+BRX,1  124
 RE(144)  O1D+CBRCLF2=CLX+BRX+CF2O  112
 RE(145)  O1D+CBRF3=3*FX+BRX+CO,1   113
 RE(146)  O1D+C2CL3F3=3*CLX+3*FX+2   99
 RE(147)  O+H2O2=OH+HO2,2            33
 RE(148)  NO3+NO3=2*NO2+O2,2        162
 RE(149)  O+OCLO=CLO+O2,2           163
 RE(150)  OH+OCLO=HOCL+O2,2         164
 RE(151)  OH+CLNO2=HOCL+NO2,2       165
 RE(152)  NO+OCLO=NO2+CLO,2         166
 RE(153)  CL+OCLO=CLO+CLO,2         167
 RE(154)  BR+OCLO=BRO+CLO,2         168
 RE(155)  OH+OH=H2O2+M,6             12
 RE(156)  O+NO=NO2+M,6               77
 RE(157)  O+NO2=NO3+M,6              44
 RE(158)  N2O5=HNO3+HNO3,31        0000  n17
 RE(159)  N2O5+HCL=CLNO2+HNO3,32   0000  n18
 RE(160)  CLNO3=HOCL+HNO3,31       0000  n16
 RE(161)  CLNO3+HCL=HNO3+CL2,33    0000  n15
 RE(162)  HOCL+HCL=H2O+CL2,32      0000  n19
 RE(163)  N2O5=HNO3+HNO3,41        0000  i31
 RE(164)  N2O5+HCL=CLNO2+HNO3,42   0000  i32
 RE(165)  CLNO3=HOCL+HNO3,41       0000  i30
 RE(166)  CLNO3+HCL=CL2+HNO3,42    0000  i29
 RE(167)  HOCL+HCL=CL2+H2O,42      0000  i33
 RE(168)  HOBR+HCL=BRCL+H2O,42     0000  i35
 RE(169)  BRNO3=HOBR+HNO3,41       0000  i34
 RE(170)  O+HOBR=OH+BRO,2           169
 RE(171)  BRO+OH=HBR+O2,1           170
 RE(172)  O+BRNO3=BRO+NO3,2         171
 RE(173)  O1D+HBR=BR+OH,1           172
 RE(174)  HOCL+HBR=BRCL+H2O,1       173
 RE(175)  O1D+C2CL2F4=2*CLX+2*CF2O  100
 RE(176)  O1D+C2CLF5=CLX+5*FX+2*CO  101
 RE(177)  O1D+C2H3FCL2=2*CLX+FX+2*  114
 RE(178)  OH+C2H3FCL2=2*CLX+FX+2*C  115
 RE(179)  O1D+C2H3F2CL=CLX+CF2O+CO  117
 RE(180)  OH+C2H3F2CL=CLX+CF2O+CO+  118
 RE(181)  O1D+C2HF3CL2=2*CLX+3*FX+  120
 RE(182)  OH+C2HF3CL2=2*CLX+3*FX+2  121
 RE(183)  N+NO2=N2O+O,2              81
 RE(184)  CS2+OH=OCS+SO2+H,15      0000  
 RE(185)  CS2+O=OCS+SO2,2          0000  
 RE(186)  CS2+O=CO+2*SO2,2         0000  
 RE(187)  OCS+OH=SO2+H+CO,2        0000  
 RE(188)  OCS+O=CO+SO2,2           0000  
 RE(189)  H2S+OH=H2O+H+SO2,2       0000  
 RE(190)  H2S+O=H2O+SO2,2          0000  
 RE(191)  H2S+CL=HCL+SO2,2         0000  
 RE(192)  H2S+BR=HBR+SO2,2         0000  
 RE(193)  DMS+OH=SO2+CH2O+MEOH,2   0000  
 RE(194)  DMS+OH=SO2+CH2O+MEOH,14  0000  
 RE(195)  DMS+OH=MSA+CH2O,14       0000  
 RE(196)  DMS+O=SO2+CH2O+MEO2,2    0000  
 RE(197)  DMS+NO3=SO2+PAN+H2O,2    0000  
 RE(198)  DMS+CL=SO2+HCL,1         0000  
 RE(199)  DMS+CLO=SO2+HOCL,2       0000  
 RE(200)  DMS+BR=SO2+HBR,2         0000  
 RE(201)  DMS+BRO=SO2+HOBR,2       0000   
 RE(202)  SO2+OH=SO3+HO2,6         0000  
 RE(203)  SO2+O3=SO3+O2,2          0000   
 RE(204)  SO3+H2O+H2O=H2SO4+H2O,2  0000  
 RE(205)  O1D+CBR2F2=CF2O+2*BRX,1   174
 RE(206)  O1D+C2BR2F4=2*CF2O+2*BRX  123
 RE(207)  CL+CL2O2=CL2+CLOO,2       175
 RE(208)  O+O+M=O2+M,2               90
 RE(209)  N+OH=NO+H,1                68
 RE(210)  H+HO2=H2O+O,1              73
 RE(211)  O1D+N2=N2+O,2              18
 RE(212)  O1D+N2=N2O,3               82
 RE(213)  CO+O+M=CO2+M,1            111
 RE(214)  O+I2=IO+I,1              0000  
 RE(215)  O+IO=O2+I,1              0000  
 RE(216)  OH+I2=HOI+I,1            0000 
 RE(217)  OH+HI=H2O+I,1            0000  
 RE(218)  OH+CH3I=MEOH+IX,2        0000  
 RE(219)  OH+CF3I=IX+3*FX+CO+H,2   0000  
 RE(220)  HO2+I=HI+O2,2            0000  
 RE(221)  HO2+IO=HOI+O2,1          0000  
 RE(222)  NO3+HI=HNO3+I,1          0000  
 RE(223)  CL+CH3I=IX+HCL+H2O+CO,1  0000  
 RE(224)  I+O3=IO+O2,2             0000  
 RE(225)  I+NO=INO,6               0000  
 RE(226)  I+NO2=INO2,6             0000  
 RE(227)  I+BRO=IO+BR,1            0000  
 RE(228)  IO+NO=I+NO2,2            0000  
 RE(229)  IO+NO2=INO3,6            0000  
 RE(230)  IO+CLO=CL+I+O2,2         0000  
 RE(231)  IO+BRO=BR+I+O2,1         0000  
 RE(232)  IO+O3=I+2*O2,1           0000  
 RE(233)  IO+IO=I2O2,2             0000  
 RE(234)  IO+IO=2*I+O2,2           0000  
 RE(235)  I2O2=IO+IO,5             0000  
 RE(236)  INO+INO=I2+2*NO,2        0000  
 RE(237)  INO2+INO2=I2+2*NO2,2     0000  
 RE(238)  CH3CN+OH=HCN,2           0000  
 RE(239)  CH3CN+OH=NOX,2           0000  
 RE(240)  CH3CN+CL=HCL+NOX,2       0000  
 RE(241)  CH3CN+O=NOX,2            0000  
 RE(242)  CH3CN+O1D=NOX,1          0000  
 RE(243)  HCN+OH=NOX,2             0000  
 RE(244)  HCN+O=NOX,1              0000  
 RE(245)  HCN+O1D=NOX,1            0000  
 RE(246)  OH+BR2=HOBR+BR,2          110
 RE(247)  OH+CO=HO2+CO2,6            57
 RE(248)  OCLO+O=CLO3,6             127
 RE(249)  O+SO2=SO3,6              0000  
 RE(250)  CL+CH3BR=HCL+2*H+CO2+BRX  176
 RE(251)  OH+CH2BR2=CO+H+H2O+2*BRX  177
 RE(252)  OH+CHBR3=CO+H2O+3*BRX,2   178
 RE(253)  CL+CH2BR2=HCL+H+CO2+2*BR  179
 RE(254)  CL+CHBR3=HCL+CO2+3*Br+H,2 180
 RE(255)  CL+CH3CL=CLX+HCL+CH2O,2   132
 RE(256)  CL+CHCLF2=HCL+CLX+CF2O,2  181
 RE(257)  CL+CH3CCL3=3*CLX+HCL+H2O  182
 RE(258)  CL+C2H3FCL2=HCL+2*CLX+FX  116
 RE(259)  CL+C2H3F2CL=HCL+CLX+CF2O  119
 RE(260)  CL+C2HF3CL2=HCl+2Cl+CF2O+ 122
 RE(261)  O1D+CH2BR2=CH2O+2*BRX,1   183
 RE(262)  O1D+CHBR3=CO+H+3*BRX,1    184
 RE(263)  O1D+HCL=H+CLO,1           185
 RE(264)  O1D+HCL=OH+CL,1           186
 RE(265)  O1D+HCL=O+HCL,1           187
 RE(266)  O1D+CL2=CLO+CL,1          188
 RE(267)  OH+CL2=HOCL+CL,2            8
 RE(268)  OCLO+O=CLO+O2,2           163
 RE(269)  O3+OCLO=CLO+2*O2,2        189
 RE(270)  BR+NO2=BRNO2,6            128
 RE(271)  CL+O2=CLOO,6              190
 RE(272)  CLOO=CL+O2,5              191
 RE(273)  CL+CLOO=CL2+O2,1          192
 RE(274)  CL+CLOO=CLO+CLO,1         193
 RE(275)  CL2+HBR=BRCL+HCL,41      0000  i37
 RE(276)  N2O5+HBR=HNO3+BRNO2,41   0000  i38
 RE(277)  N2O5+HBR=HNO3+BRNO2,31   0000  n24
 RE(278)  HOCL+HBR=BRCL+H2O,41     0000  i39
 RE(279)  CLNO3+HBR=HNO3+BRCL,31   0000  n26
 RE(280)  CLNO3+HBR=HNO3+BRCL,41   0000  i40
 RE(281)  HOBR+HBR=BR2+H2O,41      0000  i41
 RE(282)  HOBR+HBR=BR2+H2O,21      0000  s13
 RE(283)  BRNO3+HCL=HNO3+BRCL,41   0000  i42
 RE(284)  BRNO3+HCL=HNO3+BRCL,21   0000  s14
 RE(285)  NO3=HNO3+OH,41           0000  i36
 RE(286)  O(1D)+DECAY=O+HV           84  updated:
 RE(287)  O2(1D)+DECAY=O2+HV         85
 RE(288)  O2(1D)+NO=O2+NO            89
 RE(289)  CCl4+OH=4Cl+CO+H          129
 RE(290)  CFCl3+OH=3Cl+CO+HF        130
 RE(291)  CF2Cl2+OH=2Cl+CF2O+H      131
 RE(292)  O(1D)+CO2=O+CO2           194  New:
 RE(293)  O(1D)+HF=O+HF             195
 RE(294)  O(1D)+HBr=O+HBr           196
 RE(295)  O(1D)+HBr=H+BrO           197
 RE(296)  O(1D)+Cl2=O+Cl2           198
 RE(297)  OH+Cl2O2=HOCl+ClOO        199
 RE(298)  Br+Cl2O2=BrCl+ClOO        200
 RE(299)  O(1D)+CH2F2=2HF+CO        201
 RE(300)  O(1D)+CH2F2=O+CH2F2       202
 RE(301)  O(1D)+CHF3=HF+CF2O        203
 RE(302)  O(1D)+CHF3=O+CHF3         204
 RE(303)  O(1D)+CHClF2=O+CHClF2     205
 RE(304)  O(1D)+CFCL3=O+CFCl3       206
 RE(305)  O(1D)+CF2CL2=O+CF2CL2     207
 RE(306)  O(1D)+CClBrF2=O+CClBrF2   208
 RE(307)  O(1D)+CBrF3=O+CBrF3       209
 RE(308)  O(1D)+CBr2F2=O+CBr2F2     210
 RE(309)  O(1D)+CH3CHF2=2HF+H2O+2CO 211
 RE(310)  O(1D)+CH3CHF2=O+CH3CHF2   212
 RE(311)  O1D+CH3CFCl2=O+CH3CFCl2   213
 RE(312)  O1D+CH3CF2Cl=O+CH3CF2Cl   214
 RE(313)  O(1D)+CH2FCF3=2HF+CF2O+CO 215
 RE(314)  O(1D)+CH2FCF3=O+CH2FCF3   216
 RE(315)  O1D+CHCl2CF3=O+CHCl2CF3   217
 RE(316)  O(1D)+CHF2CF3=HF+2CF2O    218 
 RE(317)  O(1D)+CHF2CF3=O+CHF2CF3   219
 RE(318)  C2Cl3F3+O(1D)=C2Cl3F3+O   220
 RE(319)  C2Cl2F4+O(1D)=C2Cl2F4+O   221
 RE(320)  C2ClF5+O(1D)=C2ClF5 +O    222
 RE(321)  O(1D)+C2Br2F4=O+C2Br2F4   223
 RE(322)  O(1D)+CF3CH3=3HF+2CO      224
 RE(323)  O(1D)+CF3CH3=O+CF3CH3     225
 RE(324)  O(1D)+CCl4=O+CCl4         226
 RE(325)  O(1D)+CHBR3=O+CHBr3       227
 RE(326)  O(1D)+CH2BR2=O+CH2Br2     228
 RE(327)  O(1D)+CH3CCl3=3Cl+H2O+2CO 229
 RE(328)  O(1D)+CH3CCl3=O+CH3CCl3   230
 RE(329)  O(1D)+CH3Cl=O+CH3Cl       231
 RE(330)  O(1D)+CH3Br=O+CH3Br       232
 RE(331)  O(1D)+CF3CHFCF3=HF+3CF2O  233
 RE(332)  O(1D)+CF3CHFCF3=O+CF3CHFC 234
 RE(333)  O(1D)+CHF2CH2CF3=HF+H2O+C 235
 RE(334)  O(1D)+CHF2CH2CF3=O+CHF2CH 236
 RE(335)  OH+N2O=HO2+N2 ??          237
 RE(336)  OH+C2Cl3F3=3Cl+CF2O+HF+CO 238     
 RE(337)  OH+C2Cl2F4=2Cl+2CF2O+H    239
 RE(338)  OH+C2ClF5=Cl+ 2CF2O+ HF   240   
 RE(339)  OH+CBr2F2=2Br+CF2O+H      241
 RE(340)  OH+CBrF3=Br+CF2O+HF       242
 RE(341)  OH+CClBrF2=Cl+Br+CF2O+H   243
 RE(342)  OH+C2Br2F4=2CF2O+2Br+H    244
 RE(343)  OH+CH2F2=CF2O+H2O+H       245
 RE(344)  OH+CHF3=HF+CF2O+H2O       246
 RE(345)  OH+CH3CHF2=2HF+H2O+2CO+H  247
 RE(346)  OH+ CF3CH3=3HF+H2O+2CO    248
 RE(347)  OH+CH2FCF3=2CF2O+H2O+H    249
 RE(348)  OH+CHF2CF3=HF+H2O+2CF2O   250
 RE(349)  OH+CHF2CH2CF3=HF+H2O+...  251
 RE(350)  OH+CF3CHFCF3=HF+H2O+3CF2O 252
 RE(351)  Cl+CH2F2=HCl+2HF+CO       253
 RE(352)  Cl+CHF3=HCl+HF+CF2O       254
 RE(353)  Cl+CH3CHF2=HCl+2HF+2CO+H  255
 RE(354)  Cl+CF3CH3=HCl+3HF+2CO     256
 RE(355)  Cl+ CH2FCF3=HCl+2CF2O+H   257
 RE(356)  Cl+ CHF2CF3=HCl+HF+2CF2O  258
 RE(357)  CCl4+Cl=4Cl+CO+Cl         259 
 RE(358)  CFCl3+Cl=3Cl+HF+CO+ Cl    260     
 RE(359)  CF2Cl2+Cl=2Cl+CF2O+ Cl    261
 RE(360)  C2Cl3F3+Cl=3Cl+CF2O+CO+Cl 262        
 RE(361)  C2Cl2F4+Cl=2Cl+2CF2O+Cl   263      
 RE(362)  C2ClF5+Cl=Cl+ 2CF2O+HF+Cl 264        
 RE(363)  CClBrF2+Cl=Cl+Br+CF2O+Cl  265       
 RE(364)  CBrF3+Cl=Br+CF2O+ HF+Cl   266      
 RE(365)  CBr2F2+Cl=2Br+CF2O +Cl    267     
 RE(366)  C2Br2F4+Cl=2CF2O+ 2Br+ Cl 268        
 RE(367)  CF3CHFCF3+Cl=3CF2O+HF+HCl 269
 RE(368)  CHF2CH2CF3+Cl=HCl+CF2O... 270
 RE(369)  OH+NO2(+M)=HOONO+M        271
 RE(370)  HOONO (+M)=OH+NO2+M       272
 RE(371)  HOONO+OH=H2O+NO3          273
 RE(372)  O+HNO3=OH+NO3             274     
 RE(373)  OH+NO3=HO2+NO2            275  
 RE(374)  H2O+NO2=OH+HONO           276  
 RE(375)  HO2+NO2=HONO+O2           277  
 RE(376)  N+O3=NO+O2                278  
 RE(377)  NO2+NO3=NO+NO2+O2         279
 RE(378)  O3+HONO=HNO3+O2           280  
 RE(379)  NO3+HCl=HNO3+Cl           281 
 RE(380)  ClO+O3=ClOO+O2            282  
 RE(381)  ClO+O3=OClO+O2            283  
 RE(382)  Br+NO3=BrO+NO2            284
