          1          943.166565
          2          817.610291
          3          708.768250
          4          614.415588
          5          532.623230
          6          461.719360
          7          400.254303
          8          346.971619
          9          300.782013
         10          260.741272
         11          226.030853
         12          195.941147
         13          169.857056
         14          147.245331
         15          127.643723
         16          110.651527
         17           95.921349
         18           83.152107
         19           72.082726
         20           62.486912
         21           54.168526
         22           46.957500
         23           40.706425
         24           35.287491
         25           30.589951
         26           26.517752
         27           22.987650
         28           19.927488
         29           17.274694
         30           14.975052
         31           12.981543
         32           11.253413
         33            9.755337
         34            8.456686
         35            7.330914
         36            6.355005
         37            5.509014
         38            4.775643
         39            4.139900
         40            3.588788
         41            3.111041
         42            2.696893
         43            2.337876
         44            2.026653
         45            1.756861
         46            1.522984
         47            1.320241
         48            1.144488
         49            0.992131
         50            0.860056
         51            0.745564
         52            0.646313
         53            0.560274
         54            0.485690
         55            0.421034
         56            0.364985
         57            0.316397
         58            0.274278
         59            0.237765
         60            0.206113
         61            0.166358
         62            0.125014
         63            0.093945
         64            0.070598
         65            0.053053
         66            0.039868
         67            0.029960
         68            0.022514
         69            0.016919
         70            0.012714
         71            0.009554
         72            0.007180
         73            0.005396
         74            0.004055
         75            0.003047
         76            0.002290
